  Proyecto.cpp
B:\Git\Proyecto_CG_RLLD\Proyecto\Project1\Proyecto.cpp(522,24): warning C4244: 'inicializando': conversión de 'double' a 'GLfloat'; posible pérdida de datos
B:\Git\Proyecto_CG_RLLD\Proyecto\Project1\Proyecto.cpp(1381,22): warning C4305: '+=': truncamiento de 'double' a 'float'
B:\Git\Proyecto_CG_RLLD\Proyecto\Project1\Proyecto.cpp(1393,22): warning C4305: '+=': truncamiento de 'double' a 'float'
B:\Git\Proyecto_CG_RLLD\Proyecto\Project1\Proyecto.cpp(1409,20): warning C4305: '+=': truncamiento de 'double' a 'float'
B:\Git\Proyecto_CG_RLLD\Proyecto\Project1\Proyecto.cpp(1422,20): warning C4305: '-=': truncamiento de 'double' a 'float'
B:\Git\Proyecto_CG_RLLD\Proyecto\Project1\Proyecto.cpp(1436,20): warning C4305: '-=': truncamiento de 'double' a 'float'
B:\Git\Proyecto_CG_RLLD\Proyecto\Project1\Proyecto.cpp(1449,20): warning C4305: '+=': truncamiento de 'double' a 'float'
B:\Git\Proyecto_CG_RLLD\Proyecto\Project1\Proyecto.cpp(1463,27): warning C4305: '-=': truncamiento de 'double' a 'float'
B:\Git\Proyecto_CG_RLLD\Proyecto\Project1\Proyecto.cpp(1477,27): warning C4305: '+=': truncamiento de 'double' a 'float'
B:\Git\Proyecto_CG_RLLD\Proyecto\Project1\Proyecto.cpp(1540,11): warning C4244: '=': conversión de 'double' a 'GLfloat'; posible pérdida de datos
B:\Git\Proyecto_CG_RLLD\Proyecto\Project1\Proyecto.cpp(1541,11): warning C4244: '=': conversión de 'double' a 'GLfloat'; posible pérdida de datos
B:\Git\Proyecto_CG_RLLD\Proyecto\Project1\Proyecto.cpp(1545,18): warning C4244: 'inicializando': conversión de 'double' a 'GLfloat'; posible pérdida de datos
B:\Git\Proyecto_CG_RLLD\Proyecto\Project1\Proyecto.cpp(1546,18): warning C4244: 'inicializando': conversión de 'double' a 'GLfloat'; posible pérdida de datos
B:\Git\Proyecto_CG_RLLD\Proyecto\Project1\Proyecto.cpp(1548,10): warning C4244: '=': conversión de 'double' a 'GLfloat'; posible pérdida de datos
B:\Git\Proyecto_CG_RLLD\Proyecto\Project1\Proyecto.cpp(1549,10): warning C4244: '=': conversión de 'double' a 'GLfloat'; posible pérdida de datos
LINK : warning LNK4098: la biblioteca predeterminada'MSVCRT' entra en conflicto con otras bibliotecas; use la biblioteca /NODEFAULTLIB:biblioteca
soil2-debug.lib(etc1_utils.obj) : warning LNK4099: no se encontró PDB 'soil2-debug.pdb' con 'soil2-debug.lib(etc1_utils.obj)' o en 'B:\Git\Proyecto_CG_RLLD\Proyecto\Debug\soil2-debug.pdb'; se vinculará el objeto sin tener en cuenta información de depuración
soil2-debug.lib(image_DXT.obj) : warning LNK4099: no se encontró PDB '' con 'soil2-debug.lib(image_DXT.obj)' o en ''; se vinculará el objeto sin tener en cuenta información de depuración
soil2-debug.lib(image_helper.obj) : warning LNK4099: no se encontró PDB 'soil2-debug.pdb' con 'soil2-debug.lib(image_helper.obj)' o en 'B:\Git\Proyecto_CG_RLLD\Proyecto\Debug\soil2-debug.pdb'; se vinculará el objeto sin tener en cuenta información de depuración
soil2-debug.lib(SOIL2.obj) : warning LNK4099: no se encontró PDB 'soil2-debug.pdb' con 'soil2-debug.lib(SOIL2.obj)' o en 'B:\Git\Proyecto_CG_RLLD\Proyecto\Debug\soil2-debug.pdb'; se vinculará el objeto sin tener en cuenta información de depuración
  Project1.vcxproj -> B:\Git\Proyecto_CG_RLLD\Proyecto\Debug\Project1.exe
