b:\git\practicaslabcg\project1\project1\debug\vc142.pdb
b:\git\practicaslabcg\project1\project1\debug\vc142.idb
b:\git\practicaslabcg\project1\project1\debug\iluminacion2.obj
b:\git\practicaslabcg\project1\project1\debug\main_prac11.obj
b:\git\proyecto_cg_rlld\proyecto\project1\debug\vc142.pdb
b:\git\proyecto_cg_rlld\proyecto\project1\debug\vc142.idb
b:\git\proyecto_cg_rlld\proyecto\project1\debug\proyecto.obj
b:\git\practicaslabcg\project1\debug\project1.ilk
b:\git\practicaslabcg\project1\debug\project1.exe
b:\git\practicaslabcg\project1\debug\project1.pdb
b:\git\proyecto_cg_rlld\proyecto\debug\project1.exe
b:\git\proyecto_cg_rlld\proyecto\debug\project1.ilk
b:\git\proyecto_cg_rlld\proyecto\debug\project1.pdb
b:\git\proyecto_cg_rlld\proyecto\project1\debug\anim.obj
b:\git\proyecto_cg_rlld\proyecto\project1\debug\iluminacion2.obj
b:\git\proyecto_cg_rlld\proyecto\project1\debug\main_prac11.obj
b:\git\proyecto_cg_rlld\proyecto\project1\debug\project1.tlog\cl.command.1.tlog
b:\git\proyecto_cg_rlld\proyecto\project1\debug\project1.tlog\cl.read.1.tlog
b:\git\proyecto_cg_rlld\proyecto\project1\debug\project1.tlog\cl.write.1.tlog
b:\git\proyecto_cg_rlld\proyecto\project1\debug\project1.tlog\link.command.1.tlog
b:\git\proyecto_cg_rlld\proyecto\project1\debug\project1.tlog\link.read.1.tlog
b:\git\proyecto_cg_rlld\proyecto\project1\debug\project1.tlog\link.write.1.tlog
